###############################################################################
#
# IAR C/C++ Compiler V10.30.1.6000 for 8051               25/Dec/2021  18:34:28
# Copyright 2004-2018 IAR Systems AB.
# PC-locked license - IAR Embedded Workbench for 8051
#
#    Core               =  plain
#    Code model         =  banked
#    Data model         =  large
#    Calling convention =  xdata reentrant
#    Constant location  =  data_rom
#    Dptr setup         =  1,16
#                          
#    Source file        =  
#        E:\Texas Instruments\Z-Stack
#        3.0.2\Projects\zstack\HomeAutomation\MyApp\Source\zcl_MyApp_data.c
#    Command line       =  
#        -f C:\Users\QUOCKI~1\AppData\Local\Temp\EW7F43.tmp ("E:\Texas
#        Instruments\Z-Stack
#        3.0.2\Projects\zstack\HomeAutomation\MyApp\Source\zcl_MyApp_data.c"
#        -lC "E:\Texas Instruments\Z-Stack
#        3.0.2\Projects\zstack\HomeAutomation\MyApp\CC2530DB\RouterEB\List" -lA
#        "E:\Texas Instruments\Z-Stack
#        3.0.2\Projects\zstack\HomeAutomation\MyApp\CC2530DB\RouterEB\List"
#        --diag_suppress Pe001,Pa010 -o "E:\Texas Instruments\Z-Stack
#        3.0.2\Projects\zstack\HomeAutomation\MyApp\CC2530DB\RouterEB\Obj" -e
#        --debug --core=plain --dptr=16,1 --data_model=large
#        --code_model=banked --calling_convention=xdata_reentrant
#        --place_constants=data_rom --nr_virtual_regs 16 --preinclude "E:\Texas
#        Instruments\Z-Stack
#        3.0.2\Projects\zstack\HomeAutomation\MyApp\CC2530DB\..\Source\preinclude.h"
#        -f "E:\Texas Instruments\Z-Stack
#        3.0.2\Projects\zstack\HomeAutomation\MyApp\CC2530DB\..\..\..\Tools\CC2530DB\f8wRouter.cfg"
#        (-DCPU32MHZ -DROOT=__near_func -DMAC_CFG_APP_PENDING_QUEUE=TRUE
#        -DMAC_CFG_TX_DATA_MAX=5 -DMAC_CFG_TX_MAX=8 -DMAC_CFG_RX_MAX=5
#        -DRTR_NWK) -f "E:\Texas Instruments\Z-Stack
#        3.0.2\Projects\zstack\HomeAutomation\MyApp\CC2530DB\..\..\..\Tools\CC2530DB\f8wConfig.cfg"
#        (-DZIGBEEPRO -DSECURE=1 -DZG_SECURE_DYNAMIC=0 -DREFLECTOR
#        -DZDAPP_CONFIG_PAN_ID=0xFFFF -DNWK_START_DELAY=100
#        -DEXTENDED_JOINING_RANDOM_MASK=0x007F -DBEACON_REQUEST_DELAY=100
#        -DBEACON_REQ_DELAY_MASK=0x00FF -DLINK_STATUS_JITTER_MASK=0x007F
#        -DROUTE_EXPIRY_TIME=30 -DAPSC_ACK_WAIT_DURATION_POLLED=3000
#        -DNWK_INDIRECT_MSG_TIMEOUT=7 -DMAX_RREQ_ENTRIES=8
#        -DAPSC_MAX_FRAME_RETRIES=3 -DNWK_MAX_DATA_RETRIES=2
#        -DMAX_POLL_FAILURE_RETRIES=2 -DMAX_BCAST=9 -DAPS_MAX_GROUPS=16
#        -DMAX_RTG_ENTRIES=40 -DNWK_MAX_BINDING_ENTRIES=4
#        -DMAX_BINDING_CLUSTER_IDS=4 -DDEFAULT_KEY={0} -DMAC_MAX_FRAME_SIZE=116
#        -DZDNWKMGR_MIN_TRANSMISSIONS=20 "-DCONST=const __code"
#        -DGENERIC=__generic -DRFD_RCVC_ALWAYS_ON=FALSE -DPOLL_RATE=1000
#        -DQUEUED_POLL_RATE=100 -DRESPONSE_POLL_RATE=100 -DREJOIN_POLL_RATE=440
#        -DREJOIN_BACKOFF=900000 -DREJOIN_SCAN=900000 -DENABLE_LED4_DISABLE_S1)
#        -f "E:\Texas Instruments\Z-Stack
#        3.0.2\Projects\zstack\HomeAutomation\MyApp\CC2530DB\..\..\..\Tools\CC2530DB\f8wZCL.cfg"
#        -I "E:\Texas Instruments\Z-Stack
#        3.0.2\Projects\zstack\HomeAutomation\MyApp\CC2530DB\" -I "E:\Texas
#        Instruments\Z-Stack
#        3.0.2\Projects\zstack\HomeAutomation\MyApp\CC2530DB\..\Source\" -I
#        "E:\Texas Instruments\Z-Stack
#        3.0.2\Projects\zstack\HomeAutomation\MyApp\CC2530DB\..\..\Source\" -I
#        "E:\Texas Instruments\Z-Stack
#        3.0.2\Projects\zstack\HomeAutomation\MyApp\CC2530DB\..\..\..\ZMain\TI2530DB\"
#        -I "E:\Texas Instruments\Z-Stack
#        3.0.2\Projects\zstack\HomeAutomation\MyApp\CC2530DB\..\..\..\..\..\Components\hal\include\"
#        -I "E:\Texas Instruments\Z-Stack
#        3.0.2\Projects\zstack\HomeAutomation\MyApp\CC2530DB\..\..\..\..\..\Components\hal\target\CC2530EB\"
#        -I "E:\Texas Instruments\Z-Stack
#        3.0.2\Projects\zstack\HomeAutomation\MyApp\CC2530DB\..\..\..\..\..\Components\mac\include\"
#        -I "E:\Texas Instruments\Z-Stack
#        3.0.2\Projects\zstack\HomeAutomation\MyApp\CC2530DB\..\..\..\..\..\Components\mac\high_level\"
#        -I "E:\Texas Instruments\Z-Stack
#        3.0.2\Projects\zstack\HomeAutomation\MyApp\CC2530DB\..\..\..\..\..\Components\mac\low_level\srf04\"
#        -I "E:\Texas Instruments\Z-Stack
#        3.0.2\Projects\zstack\HomeAutomation\MyApp\CC2530DB\..\..\..\..\..\Components\mac\low_level\srf04\single_chip\"
#        -I "E:\Texas Instruments\Z-Stack
#        3.0.2\Projects\zstack\HomeAutomation\MyApp\CC2530DB\..\..\..\..\..\Components\mt\"
#        -I "E:\Texas Instruments\Z-Stack
#        3.0.2\Projects\zstack\HomeAutomation\MyApp\CC2530DB\..\..\..\..\..\Components\osal\include\"
#        -I "E:\Texas Instruments\Z-Stack
#        3.0.2\Projects\zstack\HomeAutomation\MyApp\CC2530DB\..\..\..\..\..\Components\services\saddr\"
#        -I "E:\Texas Instruments\Z-Stack
#        3.0.2\Projects\zstack\HomeAutomation\MyApp\CC2530DB\..\..\..\..\..\Components\services\sdata\"
#        -I "E:\Texas Instruments\Z-Stack
#        3.0.2\Projects\zstack\HomeAutomation\MyApp\CC2530DB\..\..\..\..\..\Components\stack\af\"
#        -I "E:\Texas Instruments\Z-Stack
#        3.0.2\Projects\zstack\HomeAutomation\MyApp\CC2530DB\..\..\..\..\..\Components\stack\bdb\"
#        -I "E:\Texas Instruments\Z-Stack
#        3.0.2\Projects\zstack\HomeAutomation\MyApp\CC2530DB\..\..\..\..\..\Components\stack\nwk\"
#        -I "E:\Texas Instruments\Z-Stack
#        3.0.2\Projects\zstack\HomeAutomation\MyApp\CC2530DB\..\..\..\..\..\Components\stack\bdb\"
#        -I "E:\Texas Instruments\Z-Stack
#        3.0.2\Projects\zstack\HomeAutomation\MyApp\CC2530DB\..\..\..\..\..\Components\stack\gp\"
#        -I "E:\Texas Instruments\Z-Stack
#        3.0.2\Projects\zstack\HomeAutomation\MyApp\CC2530DB\..\..\..\..\..\Components\stack\sapi\"
#        -I "E:\Texas Instruments\Z-Stack
#        3.0.2\Projects\zstack\HomeAutomation\MyApp\CC2530DB\..\..\..\..\..\Components\stack\sec\"
#        -I "E:\Texas Instruments\Z-Stack
#        3.0.2\Projects\zstack\HomeAutomation\MyApp\CC2530DB\..\..\..\..\..\Components\stack\sys\"
#        -I "E:\Texas Instruments\Z-Stack
#        3.0.2\Projects\zstack\HomeAutomation\MyApp\CC2530DB\..\..\..\..\..\Components\stack\zcl\"
#        -I "E:\Texas Instruments\Z-Stack
#        3.0.2\Projects\zstack\HomeAutomation\MyApp\CC2530DB\..\..\..\..\..\Components\stack\zdo\"
#        -I "E:\Texas Instruments\Z-Stack
#        3.0.2\Projects\zstack\HomeAutomation\MyApp\CC2530DB\..\..\..\..\..\Components\zmac\"
#        -I "E:\Texas Instruments\Z-Stack
#        3.0.2\Projects\zstack\HomeAutomation\MyApp\CC2530DB\..\..\..\..\..\Components\zmac\f8w\"
#        -Ohz --require_prototypes)
#    Locale             =  English_USA.1252
#    List file          =  
#        E:\Texas Instruments\Z-Stack
#        3.0.2\Projects\zstack\HomeAutomation\MyApp\CC2530DB\RouterEB\List\zcl_MyApp_data.lst
#    Object file        =  
#        E:\Texas Instruments\Z-Stack
#        3.0.2\Projects\zstack\HomeAutomation\MyApp\CC2530DB\RouterEB\Obj\zcl_MyApp_data.r51
#
###############################################################################

E:\Texas Instruments\Z-Stack 3.0.2\Projects\zstack\HomeAutomation\MyApp\Source\zcl_MyApp_data.c
      1          /**************************************************************************************************
      2            Filename:       zcl_MyApp_data.c
      3            Revised:        $Date: 2014-05-12 13:14:02 -0700 (Mon, 12 May 2014) $
      4            Revision:       $Revision: 38502 $
      5          
      6          
      7            Description:    Zigbee Cluster Library - sample device application.
      8          
      9          
     10            Copyright 2006-2014 Texas Instruments Incorporated. All rights reserved.
     11          
     12            IMPORTANT: Your use of this Software is limited to those specific rights
     13            granted under the terms of a software license agreement between the user
     14            who downloaded the software, his/her employer (which must be your employer)
     15            and Texas Instruments Incorporated (the "License").  You may not use this
     16            Software unless you agree to abide by the terms of the License. The License
     17            limits your use, and you acknowledge, that the Software may not be modified,
     18            copied or distributed unless embedded on a Texas Instruments microcontroller
     19            or used solely and exclusively in conjunction with a Texas Instruments radio
     20            frequency transceiver, which is integrated into your product.  Other than for
     21            the foregoing purpose, you may not use, reproduce, copy, prepare derivative
     22            works of, modify, distribute, perform, display or sell this Software and/or
     23            its documentation for any purpose.
     24          
     25            YOU FURTHER ACKNOWLEDGE AND AGREE THAT THE SOFTWARE AND DOCUMENTATION ARE
     26            PROVIDED "AS IS" WITHOUT WARRANTY OF ANY KIND, EITHER EXPRESS OR IMPLIED,
     27            INCLUDING WITHOUT LIMITATION, ANY WARRANTY OF MERCHANTABILITY, TITLE,
     28            NON-INFRINGEMENT AND FITNESS FOR A PARTICULAR PURPOSE. IN NO EVENT SHALL
     29            TEXAS INSTRUMENTS OR ITS LICENSORS BE LIABLE OR OBLIGATED UNDER CONTRACT,
     30            NEGLIGENCE, STRICT LIABILITY, CONTRIBUTION, BREACH OF WARRANTY, OR OTHER
     31            LEGAL EQUITABLE THEORY ANY DIRECT OR INDIRECT DAMAGES OR EXPENSES
     32            INCLUDING BUT NOT LIMITED TO ANY INCIDENTAL, SPECIAL, INDIRECT, PUNITIVE
     33            OR CONSEQUENTIAL DAMAGES, LOST PROFITS OR LOST DATA, COST OF PROCUREMENT
     34            OF SUBSTITUTE GOODS, TECHNOLOGY, SERVICES, OR ANY CLAIMS BY THIRD PARTIES
     35            (INCLUDING BUT NOT LIMITED TO ANY DEFENSE THEREOF), OR OTHER SIMILAR COSTS.
     36          
     37            Should you have any questions regarding your right to use this Software,
     38            contact Texas Instruments Incorporated at www.TI.com.
     39          **************************************************************************************************/
     40          
     41          /*********************************************************************
     42           * INCLUDES
     43           */
     44          #include "ZComDef.h"
     45          #include "OSAL.h"
     46          #include "AF.h"
     47          #include "ZDConfig.h"
     48          
     49          #include "zcl.h"
     50          #include "zcl_general.h"
     51          #include "zcl_ha.h"
     52          
     53          /* MYAPP_TODO: Include any of the header files below to access specific cluster data
     54          #include "zcl_poll_control.h"
     55          #include "zcl_electrical_measurement.h"
     56          #include "zcl_diagnostic.h"
     57          #include "zcl_meter_identification.h"
     58          #include "zcl_appliance_identification.h"
     59          #include "zcl_appliance_events_alerts.h"
     60          #include "zcl_power_profile.h"
     61          #include "zcl_appliance_control.h"
     62          #include "zcl_appliance_statistics.h"
     63          #include "zcl_hvac.h"
     64          */
     65          
     66          #include "zcl_MyApp.h"
     67          
     68          /*********************************************************************
     69           * CONSTANTS
     70           */
     71          
     72          #define MYAPP_DEVICE_VERSION     1
     73          #define MYAPP_FLAGS              0
     74          
     75          #define MYAPP_HWVERSION          1
     76          #define MYAPP_ZCLVERSION         1
     77          
     78          /*********************************************************************
     79           * TYPEDEFS
     80           */
     81          
     82          /*********************************************************************
     83           * MACROS
     84           */
     85          
     86          /*********************************************************************
     87           * GLOBAL VARIABLES
     88           */

   \                                 In  segment XDATA_Z, align 1, keep-with-next
     89          int16 zclMyApp_MeasuredValue;
   \                     zclMyApp_MeasuredValue:
   \   000000                DS 2
   \   000002                REQUIRE __INIT_XDATA_Z
     90          // Global attributes

   \                                 In  segment XDATA_ROM_C, align 1
     91          const uint16 zclMyApp_clusterRevision_all = 0x0001; 
   \                     zclMyApp_clusterRevision_all:
   \   000000   0100         DW 1
     92          
     93          // Basic Cluster

   \                                 In  segment XDATA_ROM_C, align 1
     94          const uint8 zclMyApp_HWRevision = MYAPP_HWVERSION;
   \                     zclMyApp_HWRevision:
   \   000000   01           DB 1

   \                                 In  segment XDATA_ROM_C, align 1
     95          const uint8 zclMyApp_ZCLVersion = MYAPP_ZCLVERSION;
   \                     zclMyApp_ZCLVersion:
   \   000000   01           DB 1

   \                                 In  segment XDATA_ROM_C, align 1
     96          const uint8 zclMyApp_ManufacturerName[] = { 4, 'Q', 'u', 'o', 'c' };
   \                     zclMyApp_ManufacturerName:
   \   000000   04           DB 4
   \   000001   51           DB 81
   \   000002   75           DB 117
   \   000003   6F           DB 111
   \   000004   63           DB 99

   \                                 In  segment XDATA_ROM_C, align 1
     97          const uint8 zclMyApp_ModelId[] = { 8, 'Q', 'u', 'o', 'c', '_', 'D', 'H', 'T' };
   \                     zclMyApp_ModelId:
   \   000000   08           DB 8
   \   000001   51           DB 81
   \   000002   75           DB 117
   \   000003   6F           DB 111
   \   000004   63           DB 99
   \   000005   5F           DB 95
   \   000006   44           DB 68
   \   000007   48           DB 72
   \   000008   54           DB 84

   \                                 In  segment XDATA_ROM_C, align 1
     98          const uint8 zclMyApp_DateCode[] = { 8, '2','0','2','1','1','2','1','9' };
   \                     zclMyApp_DateCode:
   \   000000   08           DB 8
   \   000001   32           DB 50
   \   000002   30           DB 48
   \   000003   32           DB 50
   \   000004   31           DB 49
   \   000005   31           DB 49
   \   000006   32           DB 50
   \   000007   31           DB 49
   \   000008   39           DB 57

   \                                 In  segment XDATA_ROM_C, align 1
     99          const uint8 zclMyApp_PowerSource = POWER_SOURCE_MAINS_1_PHASE;
   \                     zclMyApp_PowerSource:
   \   000000   01           DB 1
    100          

   \                                 In  segment XDATA_I, align 1, keep-with-next
    101          uint8 zclMyApp_LocationDescription[17] = { 16, ' ',' ',' ',' ',' ',' ',' ',' ',' ',' ',' ',' ',' ',' ',' ',' ' };
   \                     zclMyApp_LocationDescription:
   \   000000                DS 17
   \   000011                REQUIRE `?<Initializer for zclMyApp_LocationDescription`
   \   000011                REQUIRE __INIT_XDATA_I

   \                                 In  segment XDATA_Z, align 1, keep-with-next
    102          uint8 zclMyApp_PhysicalEnvironment = 0;
   \                     zclMyApp_PhysicalEnvironment:
   \   000000                DS 1
   \   000001                REQUIRE __INIT_XDATA_Z

   \                                 In  segment XDATA_I, align 1, keep-with-next
    103          uint8 zclMyApp_DeviceEnable = DEVICE_ENABLED;
   \                     zclMyApp_DeviceEnable:
   \   000000                DS 1
   \   000001                REQUIRE `?<Initializer for zclMyApp_DeviceEnable>`
   \   000001                REQUIRE __INIT_XDATA_I
    104          
    105          // Identify Cluster

   \                                 In  segment XDATA_Z, align 1, keep-with-next
    106          uint16 zclMyApp_IdentifyTime;
   \                     zclMyApp_IdentifyTime:
   \   000000                DS 2
   \   000002                REQUIRE __INIT_XDATA_Z
    107          
    108          /* MYAPP_TODO: declare attribute variables here. If its value can change,
    109           * initialize it in zclMyApp_ResetAttributesToDefaultValues. If its
    110           * value will not change, initialize it here.
    111           */
    112          
    113          #if ZCL_DISCOVER
    114          CONST zclCommandRec_t zclMyApp_Cmds[] =
    115          {
    116            {
    117              ZCL_CLUSTER_ID_GEN_BASIC,
    118              COMMAND_BASIC_RESET_FACT_DEFAULT,
    119              CMD_DIR_SERVER_RECEIVED
    120            },
    121          
    122          };
    123          
    124          CONST uint8 zclCmdsArraySize = ( sizeof(zclMyApp_Cmds) / sizeof(zclMyApp_Cmds[0]) );
    125          #endif // ZCL_DISCOVER
    126          
    127          /*********************************************************************
    128           * ATTRIBUTE DEFINITIONS - Uses REAL cluster IDs
    129           */

   \                                 In  segment CODE_C, align 1
    130          CONST zclAttrRec_t zclMyApp_Attrs[] =
   \                     zclMyApp_Attrs:
   \   000000   0000         DW 0
   \   000002   0300         DW 3
   \   000004   20           DB 32
   \   000005   01           DB 1
   \   000006   ....         DW zclMyApp_HWRevision
   \   000008   0000         DW 0
   \   00000A   0000         DW 0
   \   00000C   20           DB 32
   \   00000D   01           DB 1
   \   00000E   ....         DW zclMyApp_ZCLVersion
   \   000010   0000         DW 0
   \   000012   0400         DW 4
   \   000014   42           DB 66
   \   000015   01           DB 1
   \   000016   ....         DW zclMyApp_ManufacturerName
   \   000018   0000         DW 0
   \   00001A   0500         DW 5
   \   00001C   42           DB 66
   \   00001D   01           DB 1
   \   00001E   ....         DW zclMyApp_ModelId
   \   000020   0000         DW 0
   \   000022   0600         DW 6
   \   000024   42           DB 66
   \   000025   01           DB 1
   \   000026   ....         DW zclMyApp_DateCode
   \   000028   0000         DW 0
   \   00002A   0700         DW 7
   \   00002C   30           DB 48
   \   00002D   01           DB 1
   \   00002E   ....         DW zclMyApp_PowerSource
   \   000030   0000         DW 0
   \   000032   1000         DW 16
   \   000034   42           DB 66
   \   000035   03           DB 3
   \   000036   ....         DW zclMyApp_LocationDescription
   \   000038   0000         DW 0
   \   00003A   1100         DW 17
   \   00003C   30           DB 48
   \   00003D   03           DB 3
   \   00003E   ....         DW zclMyApp_PhysicalEnvironment
   \   000040   0000         DW 0
   \   000042   1200         DW 18
   \   000044   10           DB 16
   \   000045   03           DB 3
   \   000046   ....         DW zclMyApp_DeviceEnable
   \   000048   0300         DW 3
   \   00004A   0000         DW 0
   \   00004C   21           DB 33
   \   00004D   03           DB 3
   \   00004E   ....         DW zclMyApp_IdentifyTime
   \   000050   0000         DW 0
   \   000052   FDFF         DW 65533
   \   000054   21           DB 33
   \   000055   01           DB 1
   \   000056   ....         DW zclMyApp_clusterRevision_all
   \   000058   0300         DW 3
   \   00005A   FDFF         DW 65533
   \   00005C   21           DB 33
   \   00005D   01           DB 1
   \   00005E   ....         DW zclMyApp_clusterRevision_all
   \   000060   0204         DW 1026
   \   000062   0000         DW 0
   \   000064   29           DB 41
   \   000065   05           DB 5
   \   000066   ....         DW zclMyApp_MeasuredValue
    131          {
    132            // *** General Basic Cluster Attributes ***
    133            {
    134              ZCL_CLUSTER_ID_GEN_BASIC,             // Cluster IDs - defined in the foundation (ie. zcl.h)
    135              {  // Attribute record
    136                ATTRID_BASIC_HW_VERSION,            // Attribute ID - Found in Cluster Library header (ie. zcl_general.h)
    137                ZCL_DATATYPE_UINT8,                 // Data Type - found in zcl.h
    138                ACCESS_CONTROL_READ,                // Variable access control - found in zcl.h
    139                (void *)&zclMyApp_HWRevision  // Pointer to attribute variable
    140              }
    141            },
    142            {
    143              ZCL_CLUSTER_ID_GEN_BASIC,
    144              { // Attribute record
    145                ATTRID_BASIC_ZCL_VERSION,
    146                ZCL_DATATYPE_UINT8,
    147                ACCESS_CONTROL_READ,
    148                (void *)&zclMyApp_ZCLVersion
    149              }
    150            },
    151            {
    152              ZCL_CLUSTER_ID_GEN_BASIC,
    153              { // Attribute record
    154                ATTRID_BASIC_MANUFACTURER_NAME,
    155                ZCL_DATATYPE_CHAR_STR,
    156                ACCESS_CONTROL_READ,
    157                (void *)zclMyApp_ManufacturerName
    158              }
    159            },
    160            {
    161              ZCL_CLUSTER_ID_GEN_BASIC,
    162              { // Attribute record
    163                ATTRID_BASIC_MODEL_ID,
    164                ZCL_DATATYPE_CHAR_STR,
    165                ACCESS_CONTROL_READ,
    166                (void *)zclMyApp_ModelId
    167              }
    168            },
    169            {
    170              ZCL_CLUSTER_ID_GEN_BASIC,
    171              { // Attribute record
    172                ATTRID_BASIC_DATE_CODE,
    173                ZCL_DATATYPE_CHAR_STR,
    174                ACCESS_CONTROL_READ,
    175                (void *)zclMyApp_DateCode
    176              }
    177            },
    178            {
    179              ZCL_CLUSTER_ID_GEN_BASIC,
    180              { // Attribute record
    181                ATTRID_BASIC_POWER_SOURCE,
    182                ZCL_DATATYPE_ENUM8,
    183                ACCESS_CONTROL_READ,
    184                (void *)&zclMyApp_PowerSource
    185              }
    186            },
    187            {
    188              ZCL_CLUSTER_ID_GEN_BASIC,
    189              { // Attribute record
    190                ATTRID_BASIC_LOCATION_DESC,
    191                ZCL_DATATYPE_CHAR_STR,
    192                (ACCESS_CONTROL_READ | ACCESS_CONTROL_WRITE),
    193                (void *)zclMyApp_LocationDescription
    194              }
    195            },
    196            {
    197              ZCL_CLUSTER_ID_GEN_BASIC,
    198              { // Attribute record
    199                ATTRID_BASIC_PHYSICAL_ENV,
    200                ZCL_DATATYPE_ENUM8,
    201                (ACCESS_CONTROL_READ | ACCESS_CONTROL_WRITE),
    202                (void *)&zclMyApp_PhysicalEnvironment
    203              }
    204            },
    205            {
    206              ZCL_CLUSTER_ID_GEN_BASIC,
    207              { // Attribute record
    208                ATTRID_BASIC_DEVICE_ENABLED,
    209                ZCL_DATATYPE_BOOLEAN,
    210                (ACCESS_CONTROL_READ | ACCESS_CONTROL_WRITE),
    211                (void *)&zclMyApp_DeviceEnable
    212              }
    213            },
    214          
    215          #ifdef ZCL_IDENTIFY
    216            // *** Identify Cluster Attribute ***
    217            {
    218              ZCL_CLUSTER_ID_GEN_IDENTIFY,
    219              { // Attribute record
    220                ATTRID_IDENTIFY_TIME,
    221                ZCL_DATATYPE_UINT16,
    222                (ACCESS_CONTROL_READ | ACCESS_CONTROL_WRITE),
    223                (void *)&zclMyApp_IdentifyTime
    224              }
    225            },
    226          #endif
    227            {
    228              ZCL_CLUSTER_ID_GEN_BASIC,
    229              {  // Attribute record
    230                ATTRID_CLUSTER_REVISION,
    231                ZCL_DATATYPE_UINT16,
    232                ACCESS_CONTROL_READ,
    233                (void *)&zclMyApp_clusterRevision_all
    234              }
    235            },
    236            {
    237              ZCL_CLUSTER_ID_GEN_IDENTIFY,
    238              {  // Attribute record
    239                ATTRID_CLUSTER_REVISION,
    240                ZCL_DATATYPE_UINT16,
    241                ACCESS_CONTROL_READ,
    242                (void *)&zclMyApp_clusterRevision_all
    243              }
    244            },
    245             {
    246              ZCL_CLUSTER_ID_MS_TEMPERATURE_MEASUREMENT,
    247              { // ???????? ???????????
    248                ATTRID_DEV_TEMP_CURRENT,
    249                ZCL_DATATYPE_INT16,
    250                ACCESS_CONTROL_READ | ACCESS_REPORTABLE,
    251                (void *)&zclMyApp_MeasuredValue
    252              }
    253            },
    254          };
    255          

   \                                 In  segment CODE_C, align 1
    256          uint8 CONST zclMyApp_NumAttributes = ( sizeof(zclMyApp_Attrs) / sizeof(zclMyApp_Attrs[0]) );
   \                     zclMyApp_NumAttributes:
   \   000000   0D           DB 13
    257          
    258          /*********************************************************************
    259           * SIMPLE DESCRIPTOR
    260           */
    261          // This is the Cluster ID List and should be filled with Application
    262          // specific cluster IDs.

   \                                 In  segment XDATA_ROM_C, align 1
    263          const cId_t zclMyApp_InClusterList[] =
   \                     zclMyApp_InClusterList:
   \   000000   0000         DW 0
   \   000002   0300         DW 3
    264          {
    265            ZCL_CLUSTER_ID_GEN_BASIC,
    266            ZCL_CLUSTER_ID_GEN_IDENTIFY,
    267            
    268            // MYAPP_TODO: Add application specific Input Clusters Here. 
    269            //       See zcl.h for Cluster ID definitions
    270            
    271          };
    272          #define ZCLMYAPP_MAX_INCLUSTERS   (sizeof(zclMyApp_InClusterList) / sizeof(zclMyApp_InClusterList[0]))
    273          
    274          

   \                                 In  segment XDATA_ROM_C, align 1
    275          const cId_t zclMyApp_OutClusterList[] =
   \                     zclMyApp_OutClusterList:
   \   000000   0000         DW 0
    276          {
    277            ZCL_CLUSTER_ID_GEN_BASIC,
    278            
    279            // MYAPP_TODO: Add application specific Output Clusters Here. 
    280            //       See zcl.h for Cluster ID definitions
    281          };
    282          #define ZCLMYAPP_MAX_OUTCLUSTERS  (sizeof(zclMyApp_OutClusterList) / sizeof(zclMyApp_OutClusterList[0]))
    283          
    284          

   \                                 In  segment XDATA_I, align 1, keep-with-next
    285          SimpleDescriptionFormat_t zclMyApp_SimpleDesc =
   \                     zclMyApp_SimpleDesc:
   \   000000                DS 12
   \   00000C                REQUIRE `?<Initializer for zclMyApp_SimpleDesc>`
   \   00000C                REQUIRE __INIT_XDATA_I
    286          {
    287            MYAPP_ENDPOINT,                  //  int Endpoint;
    288            ZCL_HA_PROFILE_ID,                     //  uint16 AppProfId;
    289            // MYAPP_TODO: Replace ZCL_HA_DEVICEID_ON_OFF_LIGHT with application specific device ID
    290            ZCL_HA_DEVICEID_SIMPLE_SENSOR,          //  uint16 AppDeviceId; 
    291            MYAPP_DEVICE_VERSION,            //  int   AppDevVer:4;
    292            MYAPP_FLAGS,                     //  int   AppFlags:4;
    293            ZCLMYAPP_MAX_INCLUSTERS,         //  byte  AppNumInClusters;
    294            (cId_t *)zclMyApp_InClusterList, //  byte *pAppInClusterList;
    295            ZCLMYAPP_MAX_OUTCLUSTERS,        //  byte  AppNumInClusters;
    296            (cId_t *)zclMyApp_OutClusterList //  byte *pAppInClusterList;
    297          };
    298          
    299          // Added to include ZLL Target functionality
    300          #if defined ( BDB_TL_INITIATOR ) || defined ( BDB_TL_TARGET )
    301          bdbTLDeviceInfo_t tlMyApp_DeviceInfo =
    302          {
    303            MYAPP_ENDPOINT,                  //uint8 endpoint;
    304            ZCL_HA_PROFILE_ID,                        //uint16 profileID;
    305            // MYAPP_TODO: Replace ZCL_HA_DEVICEID_ON_OFF_LIGHT with application specific device ID
    306            ZCL_HA_DEVICEID_SIMPLE_SENSOR,          //uint16 deviceID;
    307            MYAPP_DEVICE_VERSION,                    //uint8 version;
    308            MYAPP_NUM_GRPS                   //uint8 grpIdCnt;
    309          };
    310          #endif
    311          
    312          /*********************************************************************
    313           * GLOBAL FUNCTIONS
    314           */
    315          
    316          /*********************************************************************
    317           * LOCAL FUNCTIONS
    318           */
    319            

   \                                 In  segment BANKED_CODE, align 1, keep-with-next
    320          void zclMyApp_ResetAttributesToDefaultValues(void)
   \                     zclMyApp_ResetAttributesToDefaultValues:
    321          {
   \   000000   C082         PUSH      DPL
   \   000002   C083         PUSH      DPH
   \   000004                ; Saved register size: 2
   \   000004                ; Auto size: 0
    322            int i;
    323            
    324            zclMyApp_LocationDescription[0] = 16;
   \   000004   90....       MOV       DPTR,#zclMyApp_LocationDescription
   \   000007   7410         MOV       A,#0x10
   \   000009   F0           MOVX      @DPTR,A
    325            for (i = 1; i <= 16; i++)
    326            {
    327              zclMyApp_LocationDescription[i] = ' ';
   \   00000A   7420         MOV       A,#0x20
   \   00000C   A3           INC       DPTR
   \   00000D   7810         MOV       R0,#0x10
   \                     ??zclMyApp_ResetAttributesToDefaultValues_0:
   \   00000F   F0           MOVX      @DPTR,A
   \   000010   A3           INC       DPTR
   \   000011   D8FC         DJNZ      R0,??zclMyApp_ResetAttributesToDefaultValues_0
    328            }
    329            
    330            zclMyApp_PhysicalEnvironment = PHY_UNSPECIFIED_ENV;
   \   000013   90....       MOV       DPTR,#zclMyApp_PhysicalEnvironment
   \   000016   E4           CLR       A
   \   000017   F0           MOVX      @DPTR,A
    331            zclMyApp_DeviceEnable = DEVICE_ENABLED;
   \   000018   90....       MOV       DPTR,#zclMyApp_DeviceEnable
   \   00001B   04           INC       A
   \   00001C   F0           MOVX      @DPTR,A
    332            
    333          #ifdef ZCL_IDENTIFY
    334            zclMyApp_IdentifyTime = 0;
   \   00001D   90....       MOV       DPTR,#zclMyApp_IdentifyTime
   \   000020   E4           CLR       A
   \   000021   F0           MOVX      @DPTR,A
   \   000022   A3           INC       DPTR
   \   000023   F0           MOVX      @DPTR,A
    335          #endif
    336            
    337            /* MYAPP_TODO: initialize cluster attribute variables. */
    338          }
   \   000024   D083         POP       DPH
   \   000026   D082         POP       DPL
   \   000028   02....       LJMP      ?BRET

   \                                 In  segment XDATA_ID, align 1, keep-with-next
   \                     `?<Initializer for zclMyApp_LocationDescription`:
   \   000000   10           DB 16
   \   000001   20           DB 32
   \   000002   20           DB 32
   \   000003   20           DB 32
   \   000004   20           DB 32
   \   000005   20           DB 32
   \   000006   20           DB 32
   \   000007   20           DB 32
   \   000008   20           DB 32
   \   000009   20           DB 32
   \   00000A   20           DB 32
   \   00000B   20           DB 32
   \   00000C   20           DB 32
   \   00000D   20           DB 32
   \   00000E   20           DB 32
   \   00000F   20           DB 32
   \   000010   20           DB 32

   \                                 In  segment XDATA_ID, align 1, keep-with-next
   \                     `?<Initializer for zclMyApp_DeviceEnable>`:
   \   000000   01           DB 1

   \                                 In  segment XDATA_ID, align 1, keep-with-next
   \                     `?<Initializer for zclMyApp_SimpleDesc>`:
   \   000000   01           DB 1
   \   000001   0401         DW 260
   \   000003   0C00         DW 12
   \   000005   01           DB 1
   \   000006   02           DB 2
   \   000007   ....         DW zclMyApp_InClusterList
   \   000009   01           DB 1
   \   00000A   ....         DW zclMyApp_OutClusterList
    339          
    340          /****************************************************************************
    341          ****************************************************************************/
    342          
    343          

   Maximum stack usage in bytes:

   ISTACK Function
   ------ --------
      2   zclMyApp_ResetAttributesToDefaultValues


   Segment part sizes:

   Bytes  Function/Label
   -----  --------------
       1  ?<Initializer for zclMyApp_DeviceEnable>
      17  ?<Initializer for zclMyApp_LocationDescription
      12  ?<Initializer for zclMyApp_SimpleDesc>
     104  zclMyApp_Attrs
       9  zclMyApp_DateCode
       1  zclMyApp_DeviceEnable
       1  zclMyApp_HWRevision
       2  zclMyApp_IdentifyTime
       4  zclMyApp_InClusterList
      17  zclMyApp_LocationDescription
       5  zclMyApp_ManufacturerName
       2  zclMyApp_MeasuredValue
       9  zclMyApp_ModelId
       1  zclMyApp_NumAttributes
       2  zclMyApp_OutClusterList
       1  zclMyApp_PhysicalEnvironment
       1  zclMyApp_PowerSource
      43  zclMyApp_ResetAttributesToDefaultValues
      12  zclMyApp_SimpleDesc
       1  zclMyApp_ZCLVersion
       2  zclMyApp_clusterRevision_all
       6  -- Other

 
  43 bytes in segment BANKED_CODE
   6 bytes in segment BANK_RELAYS
 105 bytes in segment CODE_C
  30 bytes in segment XDATA_I
  30 bytes in segment XDATA_ID
  34 bytes in segment XDATA_ROM_C
   5 bytes in segment XDATA_Z
 
 141 bytes of CODE     memory
  34 bytes of CONST    memory
  43 bytes of HUGECODE memory
  35 bytes of XDATA    memory

Errors: none
Warnings: none
